<?xml version="1.0" encoding="UTF-8"?>
<testsuite xmlns:xsi="http://www.w3.org/2001/XMLSchema-instance" xsi:noNamespaceSchemaLocation="https://maven.apache.org/surefire/maven-surefire-plugin/xsd/surefire-test-report-3.0.xsd" version="3.0" name="com.netty.consumer.HelloServiceTests" time="1.128" tests="2" errors="0" skipped="0" failures="0">
  <properties>
[...]
</properties>
  <testcase name="concurrent_calls" classname="com.netty.consumer.HelloServiceTests" time="0.492">
    <system-out><![CDATA[16:17:14.115 [main] INFO org.springframework.test.context.support.AnnotationConfigContextLoaderUtils -- Could not detect default configuration classes for test class [com.netty.consumer.HelloServiceTests]: HelloServiceTests does not declare any static, non-private, non-final, nested classes annotated with @Configuration.
16:17:14.147 [main] INFO org.springframework.boot.test.context.SpringBootTestContextBootstrapper -- Found @SpringBootConfiguration com.netty.consumer.ConsumerApplication for test class com.netty.consumer.HelloServiceTests

  .   ____          _            __ _ _
 /\\ / ___'_ __ _ _(_)_ __  __ _ \ \ \ \
( ( )\___ | '_ | '_| | '_ \/ _` | \ \ \ \
 \\/  ___)| |_)| | | | | || (_| |  ) ) ) )
  '  |____| .__|_| |_|_| |_\__, | / / / /
 =========|_|==============|___/=/_/_/_/

 :: Spring Boot ::                (v3.3.4)

2025-10-13T16:17:14.276-05:00  INFO 92606 --- [           main] com.netty.consumer.HelloServiceTests     : Starting HelloServiceTests using Java 21.0.8 with PID 92606 (started by allenz in /Users/allenz/Desktop/netty_project/rpc-consumer)
2025-10-13T16:17:14.277-05:00  INFO 92606 --- [           main] com.netty.consumer.HelloServiceTests     : No active profile set, falling back to 1 default profile: "default"
2025-10-13T16:17:14.419-05:00  WARN 92606 --- [           main] trationDelegate$BeanPostProcessorChecker : Bean 'consumerApplication' of type [com.netty.consumer.ConsumerApplication$$SpringCGLIB$$0] is not eligible for getting processed by all BeanPostProcessors (for example: not eligible for auto-proxying). Is this bean getting eagerly injected into a currently created BeanPostProcessor [rpcReferenceInjector]? Check the corresponding BeanPostProcessor declaration and its dependencies.
2025-10-13T16:17:14.505-05:00  WARN 92606 --- [           main] trationDelegate$BeanPostProcessorChecker : Bean 'client' of type [com.netty.core.PooledRpcClient] is not eligible for getting processed by all BeanPostProcessors (for example: not eligible for auto-proxying). Is this bean getting eagerly injected into a currently created BeanPostProcessor [rpcReferenceInjector]? Check the corresponding BeanPostProcessor declaration and its dependencies.
2025-10-13T16:17:14.513-05:00  WARN 92606 --- [           main] trationDelegate$BeanPostProcessorChecker : Bean 'rpc-com.netty.consumer.RpcConsumerProps' of type [com.netty.consumer.RpcConsumerProps] is not eligible for getting processed by all BeanPostProcessors (for example: not eligible for auto-proxying). Is this bean getting eagerly injected into a currently created BeanPostProcessor [rpcReferenceInjector]? Check the corresponding BeanPostProcessor declaration and its dependencies.
2025-10-13T16:17:14.542-05:00  INFO 92606 --- [           main] o.a.c.f.imps.CuratorFrameworkImpl        : Starting
2025-10-13T16:17:14.545-05:00  INFO 92606 --- [           main] org.apache.zookeeper.ZooKeeper           : Client environment:zookeeper.version=3.7.2-c06c7c8a3e95779d4becb1938b378596e3b420d0, built on 2023-10-06 09:51 UTC
2025-10-13T16:17:14.545-05:00  INFO 92606 --- [           main] org.apache.zookeeper.ZooKeeper           : Client environment:host.name=localhost
2025-10-13T16:17:14.545-05:00  INFO 92606 --- [           main] org.apache.zookeeper.ZooKeeper           : Client environment:java.version=21.0.8
2025-10-13T16:17:14.545-05:00  INFO 92606 --- [           main] org.apache.zookeeper.ZooKeeper           : Client environment:java.vendor=Eclipse Adoptium
2025-10-13T16:17:14.545-05:00  INFO 92606 --- [           main] org.apache.zookeeper.ZooKeeper           : Client environment:java.home=/Library/Java/JavaVirtualMachines/temurin-21.jdk/Contents/Home
2025-10-13T16:17:14.545-05:00  INFO 92606 --- [           main] org.apache.zookeeper.ZooKeeper           : Client environment:java.class.path=/Users/allenz/Desktop/netty_project/rpc-consumer/target/test-classes:/Users/allenz/Desktop/netty_project/rpc-consumer/target/classes:/Users/allenz/.m2/repository/org/springframework/boot/spring-boot-starter/3.3.4/spring-boot-starter-3.3.4.jar:/Users/allenz/.m2/repository/org/springframework/boot/spring-boot/3.3.4/spring-boot-3.3.4.jar:/Users/allenz/.m2/repository/org/springframework/spring-context/6.1.13/spring-context-6.1.13.jar:/Users/allenz/.m2/repository/org/springframework/spring-aop/6.1.13/spring-aop-6.1.13.jar:/Users/allenz/.m2/repository/org/springframework/spring-beans/6.1.13/spring-beans-6.1.13.jar:/Users/allenz/.m2/repository/org/springframework/spring-expression/6.1.13/spring-expression-6.1.13.jar:/Users/allenz/.m2/repository/io/micrometer/micrometer-observation/1.13.4/micrometer-observation-1.13.4.jar:/Users/allenz/.m2/repository/io/micrometer/micrometer-commons/1.13.4/micrometer-commons-1.13.4.jar:/Users/allenz/.m2/repository/org/springframework/boot/spring-boot-autoconfigure/3.3.4/spring-boot-autoconfigure-3.3.4.jar:/Users/allenz/.m2/repository/org/springframework/boot/spring-boot-starter-logging/3.3.4/spring-boot-starter-logging-3.3.4.jar:/Users/allenz/.m2/repository/ch/qos/logback/logback-classic/1.5.8/logback-classic-1.5.8.jar:/Users/allenz/.m2/repository/ch/qos/logback/logback-core/1.5.8/logback-core-1.5.8.jar:/Users/allenz/.m2/repository/org/apache/logging/log4j/log4j-to-slf4j/2.23.1/log4j-to-slf4j-2.23.1.jar:/Users/allenz/.m2/repository/org/apache/logging/log4j/log4j-api/2.23.1/log4j-api-2.23.1.jar:/Users/allenz/.m2/repository/org/slf4j/jul-to-slf4j/2.0.16/jul-to-slf4j-2.0.16.jar:/Users/allenz/.m2/repository/jakarta/annotation/jakarta.annotation-api/2.1.1/jakarta.annotation-api-2.1.1.jar:/Users/allenz/.m2/repository/org/springframework/spring-core/6.1.13/spring-core-6.1.13.jar:/Users/allenz/.m2/repository/org/springframework/spring-jcl/6.1.13/spring-jcl-6.1.13.jar:/Users/allenz/.m2/repository/org/yaml/snakeyaml/2.2/snakeyaml-2.2.jar:/Users/allenz/.m2/repository/org/springframework/boot/spring-boot-starter-test/3.3.4/spring-boot-starter-test-3.3.4.jar:/Users/allenz/.m2/repository/org/springframework/boot/spring-boot-test/3.3.4/spring-boot-test-3.3.4.jar:/Users/allenz/.m2/repository/org/springframework/boot/spring-boot-test-autoconfigure/3.3.4/spring-boot-test-autoconfigure-3.3.4.jar:/Users/allenz/.m2/repository/com/jayway/jsonpath/json-path/2.9.0/json-path-2.9.0.jar:/Users/allenz/.m2/repository/org/slf4j/slf4j-api/2.0.16/slf4j-api-2.0.16.jar:/Users/allenz/.m2/repository/jakarta/xml/bind/jakarta.xml.bind-api/4.0.2/jakarta.xml.bind-api-4.0.2.jar:/Users/allenz/.m2/repository/jakarta/activation/jakarta.activation-api/2.1.3/jakarta.activation-api-2.1.3.jar:/Users/allenz/.m2/repository/net/minidev/json-smart/2.5.1/json-smart-2.5.1.jar:/Users/allenz/.m2/repository/net/minidev/accessors-smart/2.5.1/accessors-smart-2.5.1.jar:/Users/allenz/.m2/repository/org/ow2/asm/asm/9.6/asm-9.6.jar:/Users/allenz/.m2/repository/org/assertj/assertj-core/3.25.3/assertj-core-3.25.3.jar:/Users/allenz/.m2/repository/net/bytebuddy/byte-buddy/1.14.19/byte-buddy-1.14.19.jar:/Users/allenz/.m2/repository/org/awaitility/awaitility/4.2.2/awaitility-4.2.2.jar:/Users/allenz/.m2/repository/org/hamcrest/hamcrest/2.2/hamcrest-2.2.jar:/Users/allenz/.m2/repository/org/junit/jupiter/junit-jupiter/5.10.3/junit-jupiter-5.10.3.jar:/Users/allenz/.m2/repository/org/junit/jupiter/junit-jupiter-api/5.10.3/junit-jupiter-api-5.10.3.jar:/Users/allenz/.m2/repository/org/opentest4j/opentest4j/1.3.0/opentest4j-1.3.0.jar:/Users/allenz/.m2/repository/org/junit/platform/junit-platform-commons/1.10.3/junit-platform-commons-1.10.3.jar:/Users/allenz/.m2/repository/org/apiguardian/apiguardian-api/1.1.2/apiguardian-api-1.1.2.jar:/Users/allenz/.m2/repository/org/junit/jupiter/junit-jupiter-params/5.10.3/junit-jupiter-params-5.10.3.jar:/Users/allenz/.m2/repository/org/junit/jupiter/junit-jupiter-engine/5.10.3/junit-jupiter-engine-5.10.3.jar:/Users/allenz/.m2/repository/org/junit/platform/junit-platform-engine/1.10.3/junit-platform-engine-1.10.3.jar:/Users/allenz/.m2/repository/org/mockito/mockito-core/5.11.0/mockito-core-5.11.0.jar:/Users/allenz/.m2/repository/net/bytebuddy/byte-buddy-agent/1.14.19/byte-buddy-agent-1.14.19.jar:/Users/allenz/.m2/repository/org/objenesis/objenesis/3.3/objenesis-3.3.jar:/Users/allenz/.m2/repository/org/mockito/mockito-junit-jupiter/5.11.0/mockito-junit-jupiter-5.11.0.jar:/Users/allenz/.m2/repository/org/skyscreamer/jsonassert/1.5.3/jsonassert-1.5.3.jar:/Users/allenz/.m2/repository/com/vaadin/external/google/android-json/0.0.20131108.vaadin1/android-json-0.0.20131108.vaadin1.jar:/Users/allenz/.m2/repository/org/springframework/spring-test/6.1.13/spring-test-6.1.13.jar:/Users/allenz/.m2/repository/org/xmlunit/xmlunit-core/2.9.1/xmlunit-core-2.9.1.jar:/Users/allenz/Desktop/netty_project/rpc-registry-zk/target/classes:/Users/allenz/Desktop/netty_project/rpc-core/target/classes:/Users/allenz/Desktop/netty_project/rpc-common/target/classes:/Users/allenz/.m2/repository/com/fasterxml/jackson/core/jackson-databind/2.17.2/jackson-databind-2.17.2.jar:/Users/allenz/.m2/repository/com/fasterxml/jackson/core/jackson-annotations/2.17.2/jackson-annotations-2.17.2.jar:/Users/allenz/.m2/repository/com/fasterxml/jackson/core/jackson-core/2.17.2/jackson-core-2.17.2.jar:/Users/allenz/.m2/repository/io/netty/netty-all/4.1.114.Final/netty-all-4.1.114.Final.jar:/Users/allenz/.m2/repository/io/netty/netty-buffer/4.1.113.Final/netty-buffer-4.1.113.Final.jar:/Users/allenz/.m2/repository/io/netty/netty-codec/4.1.113.Final/netty-codec-4.1.113.Final.jar:/Users/allenz/.m2/repository/io/netty/netty-codec-dns/4.1.113.Final/netty-codec-dns-4.1.113.Final.jar:/Users/allenz/.m2/repository/io/netty/netty-codec-haproxy/4.1.113.Final/netty-codec-haproxy-4.1.113.Final.jar:/Users/allenz/.m2/repository/io/netty/netty-codec-http/4.1.113.Final/netty-codec-http-4.1.113.Final.jar:/Users/allenz/.m2/repository/io/netty/netty-codec-http2/4.1.113.Final/netty-codec-http2-4.1.113.Final.jar:/Users/allenz/.m2/repository/io/netty/netty-codec-memcache/4.1.113.Final/netty-codec-memcache-4.1.113.Final.jar:/Users/allenz/.m2/repository/io/netty/netty-codec-mqtt/4.1.113.Final/netty-codec-mqtt-4.1.113.Final.jar:/Users/allenz/.m2/repository/io/netty/netty-codec-redis/4.1.113.Final/netty-codec-redis-4.1.113.Final.jar:/Users/allenz/.m2/repository/io/netty/netty-codec-smtp/4.1.113.Final/netty-codec-smtp-4.1.113.Final.jar:/Users/allenz/.m2/repository/io/netty/netty-codec-socks/4.1.113.Final/netty-codec-socks-4.1.113.Final.jar:/Users/allenz/.m2/repository/io/netty/netty-codec-stomp/4.1.113.Final/netty-codec-stomp-4.1.113.Final.jar:/Users/allenz/.m2/repository/io/netty/netty-codec-xml/4.1.113.Final/netty-codec-xml-4.1.113.Final.jar:/Users/allenz/.m2/repository/io/netty/netty-common/4.1.113.Final/netty-common-4.1.113.Final.jar:/Users/allenz/.m2/repository/io/netty/netty-handler/4.1.113.Final/netty-handler-4.1.113.Final.jar:/Users/allenz/.m2/repository/io/netty/netty-transport-native-unix-common/4.1.113.Final/netty-transport-native-unix-common-4.1.113.Final.jar:/Users/allenz/.m2/repository/io/netty/netty-handler-proxy/4.1.113.Final/netty-handler-proxy-4.1.113.Final.jar:/Users/allenz/.m2/repository/io/netty/netty-handler-ssl-ocsp/4.1.113.Final/netty-handler-ssl-ocsp-4.1.113.Final.jar:/Users/allenz/.m2/repository/io/netty/netty-resolver/4.1.113.Final/netty-resolver-4.1.113.Final.jar:/Users/allenz/.m2/repository/io/netty/netty-resolver-dns/4.1.113.Final/netty-resolver-dns-4.1.113.Final.jar:/Users/allenz/.m2/repository/io/netty/netty-transport/4.1.113.Final/netty-transport-4.1.113.Final.jar:/Users/allenz/.m2/repository/io/netty/netty-transport-rxtx/4.1.113.Final/netty-transport-rxtx-4.1.113.Final.jar:/Users/allenz/.m2/repository/io/netty/netty-transport-sctp/4.1.113.Final/netty-transport-sctp-4.1.113.Final.jar:/Users/allenz/.m2/repository/io/netty/netty-transport-udt/4.1.113.Final/netty-transport-udt-4.1.113.Final.jar:/Users/allenz/.m2/repository/io/netty/netty-transport-classes-epoll/4.1.113.Final/netty-transport-classes-epoll-4.1.113.Final.jar:/Users/allenz/.m2/repository/io/netty/netty-transport-classes-kqueue/4.1.113.Final/netty-transport-classes-kqueue-4.1.113.Final.jar:/Users/allenz/.m2/repository/io/netty/netty-resolver-dns-classes-macos/4.1.113.Final/netty-resolver-dns-classes-macos-4.1.113.Final.jar:/Users/allenz/.m2/repository/io/netty/netty-transport-native-epoll/4.1.113.Final/netty-transport-native-epoll-4.1.113.Final-linux-x86_64.jar:/Users/allenz/.m2/repository/io/netty/netty-transport-native-epoll/4.1.113.Final/netty-transport-native-epoll-4.1.113.Final-linux-aarch_64.jar:/Users/allenz/.m2/repository/io/netty/netty-transport-native-epoll/4.1.113.Final/netty-transport-native-epoll-4.1.113.Final-linux-riscv64.jar:/Users/allenz/.m2/repository/io/netty/netty-transport-native-kqueue/4.1.113.Final/netty-transport-native-kqueue-4.1.113.Final-osx-x86_64.jar:/Users/allenz/.m2/repository/io/netty/netty-transport-native-kqueue/4.1.113.Final/netty-transport-native-kqueue-4.1.113.Final-osx-aarch_64.jar:/Users/allenz/.m2/repository/io/netty/netty-resolver-dns-native-macos/4.1.113.Final/netty-resolver-dns-native-macos-4.1.113.Final-osx-x86_64.jar:/Users/allenz/.m2/repository/io/netty/netty-resolver-dns-native-macos/4.1.113.Final/netty-resolver-dns-native-macos-4.1.113.Final-osx-aarch_64.jar:/Users/allenz/.m2/repository/org/apache/curator/curator-framework/5.6.0/curator-framework-5.6.0.jar:/Users/allenz/.m2/repository/org/apache/curator/curator-client/5.6.0/curator-client-5.6.0.jar:/Users/allenz/.m2/repository/org/apache/zookeeper/zookeeper/3.7.2/zookeeper-3.7.2.jar:/Users/allenz/.m2/repository/org/apache/zookeeper/zookeeper-jute/3.7.2/zookeeper-jute-3.7.2.jar:/Users/allenz/.m2/repository/org/apache/yetus/audience-annotations/0.12.0/audience-annotations-0.12.0.jar:/Users/allenz/.m2/repository/io/netty/netty-transport-native-epoll/4.1.113.Final/netty-transport-native-epoll-4.1.113.Final.jar:/Users/allenz/.m2/repository/com/google/guava/guava/32.0.0-jre/guava-32.0.0-jre.jar:/Users/allenz/.m2/repository/com/google/guava/failureaccess/1.0.1/failureaccess-1.0.1.jar:/Users/allenz/.m2/repository/com/google/guava/listenablefuture/9999.0-empty-to-avoid-conflict-with-guava/listenablefuture-9999.0-empty-to-avoid-conflict-with-guava.jar:/Users/allenz/.m2/repository/com/google/code/findbugs/jsr305/3.0.2/jsr305-3.0.2.jar:/Users/allenz/.m2/repository/org/checkerframework/checker-qual/3.33.0/checker-qual-3.33.0.jar:/Users/allenz/.m2/repository/com/google/errorprone/error_prone_annotations/2.18.0/error_prone_annotations-2.18.0.jar:/Users/allenz/.m2/repository/com/google/j2objc/j2objc-annotations/2.8/j2objc-annotations-2.8.jar:/Users/allenz/.m2/repository/org/apache/curator/curator-recipes/5.6.0/curator-recipes-5.6.0.jar:
2025-10-13T16:17:14.546-05:00  INFO 92606 --- [           main] org.apache.zookeeper.ZooKeeper           : Client environment:java.library.path=/Users/allenz/Library/Java/Extensions:/Library/Java/Extensions:/Network/Library/Java/Extensions:/System/Library/Java/Extensions:/usr/lib/java:.
2025-10-13T16:17:14.546-05:00  INFO 92606 --- [           main] org.apache.zookeeper.ZooKeeper           : Client environment:java.io.tmpdir=/var/folders/7c/19xdjdkx22357sq2598cl2nm0000gn/T/
2025-10-13T16:17:14.546-05:00  INFO 92606 --- [           main] org.apache.zookeeper.ZooKeeper           : Client environment:java.compiler=<NA>
2025-10-13T16:17:14.546-05:00  INFO 92606 --- [           main] org.apache.zookeeper.ZooKeeper           : Client environment:os.name=Mac OS X
2025-10-13T16:17:14.546-05:00  INFO 92606 --- [           main] org.apache.zookeeper.ZooKeeper           : Client environment:os.arch=aarch64
2025-10-13T16:17:14.546-05:00  INFO 92606 --- [           main] org.apache.zookeeper.ZooKeeper           : Client environment:os.version=15.6.1
2025-10-13T16:17:14.546-05:00  INFO 92606 --- [           main] org.apache.zookeeper.ZooKeeper           : Client environment:user.name=allenz
2025-10-13T16:17:14.546-05:00  INFO 92606 --- [           main] org.apache.zookeeper.ZooKeeper           : Client environment:user.home=/Users/allenz
2025-10-13T16:17:14.546-05:00  INFO 92606 --- [           main] org.apache.zookeeper.ZooKeeper           : Client environment:user.dir=/Users/allenz/Desktop/netty_project/rpc-consumer
2025-10-13T16:17:14.546-05:00  INFO 92606 --- [           main] org.apache.zookeeper.ZooKeeper           : Client environment:os.memory.free=35MB
2025-10-13T16:17:14.547-05:00  INFO 92606 --- [           main] org.apache.zookeeper.ZooKeeper           : Client environment:os.memory.max=4608MB
2025-10-13T16:17:14.547-05:00  INFO 92606 --- [           main] org.apache.zookeeper.ZooKeeper           : Client environment:os.memory.total=68MB
2025-10-13T16:17:14.548-05:00  INFO 92606 --- [           main] org.apache.zookeeper.ZooKeeper           : Initiating client connection, connectString=127.0.0.1:2181 sessionTimeout=60000 watcher=org.apache.curator.ConnectionState@559cedee
2025-10-13T16:17:14.549-05:00  INFO 92606 --- [           main] org.apache.zookeeper.common.X509Util     : Setting -D jdk.tls.rejectClientInitiatedRenegotiation=true to disable client-initiated TLS renegotiation
2025-10-13T16:17:14.550-05:00  INFO 92606 --- [           main] org.apache.zookeeper.ClientCnxnSocket    : jute.maxbuffer value is 1048575 Bytes
2025-10-13T16:17:14.552-05:00  INFO 92606 --- [           main] org.apache.zookeeper.ClientCnxn          : zookeeper.request.timeout value is 0. feature enabled=false
2025-10-13T16:17:14.555-05:00  INFO 92606 --- [           main] o.a.c.f.imps.CuratorFrameworkImpl        : Default schema
2025-10-13T16:17:14.555-05:00  INFO 92606 --- [127.0.0.1:2181)] org.apache.zookeeper.ClientCnxn          : Opening socket connection to server localhost/127.0.0.1:2181.
2025-10-13T16:17:14.556-05:00  INFO 92606 --- [127.0.0.1:2181)] org.apache.zookeeper.ClientCnxn          : SASL config status: Will not attempt to authenticate using SASL (unknown error)
2025-10-13T16:17:14.556-05:00  WARN 92606 --- [           main] trationDelegate$BeanPostProcessorChecker : Bean 'registry' of type [com.netty.registry.zk.ZkRegistry] is not eligible for getting processed by all BeanPostProcessors (for example: not eligible for auto-proxying). Is this bean getting eagerly injected into a currently created BeanPostProcessor [rpcReferenceInjector]? Check the corresponding BeanPostProcessor declaration and its dependencies.
2025-10-13T16:17:14.557-05:00  WARN 92606 --- [           main] trationDelegate$BeanPostProcessorChecker : Bean 'loadBalancer' of type [com.netty.core.RoundRobinLoadBalancer] is not eligible for getting processed by all BeanPostProcessors (for example: not eligible for auto-proxying). Is this bean getting eagerly injected into a currently created BeanPostProcessor [rpcReferenceInjector]? Check the corresponding BeanPostProcessor declaration and its dependencies.
2025-10-13T16:17:14.558-05:00  WARN 92606 --- [           main] trationDelegate$BeanPostProcessorChecker : Bean 'proxyFactory' of type [com.netty.core.ProxyFactory] is not eligible for getting processed by all BeanPostProcessors (for example: not eligible for auto-proxying). Is this bean getting eagerly injected into a currently created BeanPostProcessor [rpcReferenceInjector]? Check the corresponding BeanPostProcessor declaration and its dependencies.
2025-10-13T16:17:14.560-05:00  INFO 92606 --- [127.0.0.1:2181)] org.apache.zookeeper.ClientCnxn          : Socket connection established, initiating session, client: /127.0.0.1:61812, server: localhost/127.0.0.1:2181
2025-10-13T16:17:14.567-05:00  INFO 92606 --- [127.0.0.1:2181)] org.apache.zookeeper.ClientCnxn          : Session establishment complete on server localhost/127.0.0.1:2181, session id = 0x100014dc55c0005, negotiated timeout = 40000
2025-10-13T16:17:14.569-05:00  INFO 92606 --- [ain-EventThread] o.a.c.f.state.ConnectionStateManager     : State change: CONNECTED
2025-10-13T16:17:14.574-05:00  INFO 92606 --- [ain-EventThread] o.a.c.framework.imps.EnsembleTracker     : New config event received: {}
2025-10-13T16:17:14.574-05:00  INFO 92606 --- [ain-EventThread] o.a.c.framework.imps.EnsembleTracker     : New config event received: {}
2025-10-13T16:17:14.594-05:00  INFO 92606 --- [           main] com.netty.consumer.HelloServiceTests     : Started HelloServiceTests in 0.406 seconds (process running for 0.712)
2025-10-13T16:17:14.609-05:00  INFO 92606 --- [           main] org.apache.curator.utils.Compatibility   : Using org.apache.zookeeper.server.quorum.MultipleAddresses
[Consumer] result = Hello, Netty via @RpcReference
[IT] concurrent ok=200/200
]]></system-out>
    <system-err><![CDATA[WARNING: A Java agent has been loaded dynamically (/Users/allenz/.m2/repository/net/bytebuddy/byte-buddy-agent/1.14.19/byte-buddy-agent-1.14.19.jar)
WARNING: If a serviceability tool is in use, please run with -XX:+EnableDynamicAgentLoading to hide this warning
WARNING: If a serviceability tool is not in use, please run with -Djdk.instrument.traceUsage for more information
WARNING: Dynamic loading of agents will be disallowed by default in a future release
]]></system-err>
  </testcase>
  <testcase name="smoke" classname="com.netty.consumer.HelloServiceTests" time="0.003">
    <system-out><![CDATA[[IT] smoke ok: Hello, JUnit
]]></system-out>
  </testcase>
</testsuite>